mode: set
github.com/binpqh/simple-cli/internal/auth/auth.go:44.78,46.2 1 1
github.com/binpqh/simple-cli/internal/auth/auth.go:48.103,51.27 3 1
github.com/binpqh/simple-cli/internal/auth/auth.go:51.27,53.3 1 0
github.com/binpqh/simple-cli/internal/auth/auth.go:54.2,55.16 2 1
github.com/binpqh/simple-cli/internal/auth/auth.go:55.16,57.3 1 0
github.com/binpqh/simple-cli/internal/auth/auth.go:58.2,60.16 3 1
github.com/binpqh/simple-cli/internal/auth/auth.go:60.16,62.3 1 0
github.com/binpqh/simple-cli/internal/auth/auth.go:63.2,64.53 2 1
github.com/binpqh/simple-cli/internal/auth/auth.go:64.53,66.3 1 1
github.com/binpqh/simple-cli/internal/auth/auth.go:67.2,68.64 2 1
github.com/binpqh/simple-cli/internal/auth/auth.go:68.64,70.3 1 0
github.com/binpqh/simple-cli/internal/auth/auth.go:71.2,72.18 2 1
github.com/binpqh/simple-cli/internal/auth/auth.go:72.18,74.3 1 0
github.com/binpqh/simple-cli/internal/auth/auth.go:75.2,76.19 2 1
github.com/binpqh/simple-cli/internal/auth/auth.go:76.19,78.3 1 0
github.com/binpqh/simple-cli/internal/auth/auth.go:79.2,85.8 1 1
github.com/binpqh/simple-cli/internal/auth/auth.go:88.52,89.13 1 1
github.com/binpqh/simple-cli/internal/auth/auth.go:89.13,91.3 1 1
github.com/binpqh/simple-cli/internal/auth/auth.go:92.2,92.10 1 1
github.com/binpqh/simple-cli/internal/auth/auth.go:95.123,98.6 3 1
github.com/binpqh/simple-cli/internal/auth/auth.go:98.6,99.10 1 1
github.com/binpqh/simple-cli/internal/auth/auth.go:100.21,101.25 1 1
github.com/binpqh/simple-cli/internal/auth/auth.go:102.19,104.18 2 1
github.com/binpqh/simple-cli/internal/auth/auth.go:104.18,106.5 1 1
github.com/binpqh/simple-cli/internal/auth/auth.go:107.4,107.17 1 1
github.com/binpqh/simple-cli/internal/auth/auth.go:107.17,108.42 1 1
github.com/binpqh/simple-cli/internal/auth/auth.go:108.42,110.6 1 0
github.com/binpqh/simple-cli/internal/auth/auth.go:111.5,111.13 1 1
github.com/binpqh/simple-cli/internal/auth/auth.go:113.4,119.10 1 1
github.com/binpqh/simple-cli/internal/auth/auth.go:124.104,130.16 6 1
github.com/binpqh/simple-cli/internal/auth/auth.go:130.16,132.3 1 0
github.com/binpqh/simple-cli/internal/auth/auth.go:133.2,135.16 3 1
github.com/binpqh/simple-cli/internal/auth/auth.go:135.16,137.3 1 0
github.com/binpqh/simple-cli/internal/auth/auth.go:138.2,140.63 3 1
github.com/binpqh/simple-cli/internal/auth/auth.go:140.63,142.3 1 0
github.com/binpqh/simple-cli/internal/auth/auth.go:143.2,143.20 1 1
github.com/binpqh/simple-cli/internal/auth/auth.go:143.20,144.19 1 1
github.com/binpqh/simple-cli/internal/auth/auth.go:145.32,146.19 1 1
github.com/binpqh/simple-cli/internal/auth/auth.go:147.20,148.19 1 0
github.com/binpqh/simple-cli/internal/auth/auth.go:149.24,150.38 1 1
github.com/binpqh/simple-cli/internal/auth/auth.go:151.24,152.41 1 1
github.com/binpqh/simple-cli/internal/auth/auth.go:153.11,154.40 1 0
github.com/binpqh/simple-cli/internal/auth/auth.go:157.2,157.17 1 1
github.com/binpqh/simple-cli/internal/auth/auth.go:160.114,161.24 1 1
github.com/binpqh/simple-cli/internal/auth/auth.go:161.24,163.3 1 1
github.com/binpqh/simple-cli/internal/auth/auth.go:164.2,169.16 6 1
github.com/binpqh/simple-cli/internal/auth/auth.go:169.16,171.3 1 0
github.com/binpqh/simple-cli/internal/auth/auth.go:172.2,174.16 3 1
github.com/binpqh/simple-cli/internal/auth/auth.go:174.16,176.3 1 0
github.com/binpqh/simple-cli/internal/auth/auth.go:177.2,179.63 3 1
github.com/binpqh/simple-cli/internal/auth/auth.go:179.63,181.3 1 0
github.com/binpqh/simple-cli/internal/auth/auth.go:182.2,182.26 1 1
github.com/binpqh/simple-cli/internal/auth/auth.go:182.26,184.3 1 1
github.com/binpqh/simple-cli/internal/auth/auth.go:185.2,191.8 1 1
