mode: set
github.com/your-org/simple-cli/internal/config/config.go:31.44,33.42 2 1
github.com/your-org/simple-cli/internal/config/config.go:33.42,35.3 1 0
github.com/your-org/simple-cli/internal/config/config.go:38.2,38.22 1 1
github.com/your-org/simple-cli/internal/config/config.go:38.22,40.3 1 1
github.com/your-org/simple-cli/internal/config/config.go:41.2,41.24 1 1
github.com/your-org/simple-cli/internal/config/config.go:41.24,43.3 1 1
github.com/your-org/simple-cli/internal/config/config.go:46.2,46.20 1 1
github.com/your-org/simple-cli/internal/config/config.go:47.23,47.23 0 1
github.com/your-org/simple-cli/internal/config/config.go:48.10,49.93 1 1
github.com/your-org/simple-cli/internal/config/config.go:51.2,51.22 1 1
github.com/your-org/simple-cli/internal/config/config.go:52.40,52.40 0 1
github.com/your-org/simple-cli/internal/config/config.go:53.10,54.102 1 1
github.com/your-org/simple-cli/internal/config/config.go:58.2,58.24 1 1
github.com/your-org/simple-cli/internal/config/config.go:58.24,60.3 1 1
github.com/your-org/simple-cli/internal/config/config.go:62.2,62.18 1 1
github.com/your-org/simple-cli/internal/config/config.go:68.31,69.31 1 1
github.com/your-org/simple-cli/internal/config/config.go:69.31,70.41 1 1
github.com/your-org/simple-cli/internal/config/config.go:70.41,72.4 1 1
github.com/your-org/simple-cli/internal/config/config.go:73.3,73.51 1 0
github.com/your-org/simple-cli/internal/config/config.go:76.2,76.47 1 0
github.com/your-org/simple-cli/internal/config/config.go:76.47,78.3 1 0
github.com/your-org/simple-cli/internal/config/config.go:79.2,80.16 2 0
github.com/your-org/simple-cli/internal/config/config.go:80.16,82.3 1 0
github.com/your-org/simple-cli/internal/config/config.go:83.2,83.61 1 0
github.com/your-org/simple-cli/internal/config/config.go:87.25,88.31 1 1
github.com/your-org/simple-cli/internal/config/config.go:88.31,89.41 1 1
github.com/your-org/simple-cli/internal/config/config.go:89.41,91.4 1 1
github.com/your-org/simple-cli/internal/config/config.go:93.2,93.48 1 0
github.com/your-org/simple-cli/internal/config/config.go:93.48,95.3 1 0
github.com/your-org/simple-cli/internal/config/config.go:96.2,97.53 2 0
