mode: set
github.com/binpqh/simple-cli/internal/tokenstore/tokenstore.go:24.53,26.2 1 1
github.com/binpqh/simple-cli/internal/tokenstore/tokenstore.go:29.54,31.16 2 1
github.com/binpqh/simple-cli/internal/tokenstore/tokenstore.go:31.16,32.25 1 1
github.com/binpqh/simple-cli/internal/tokenstore/tokenstore.go:32.25,34.4 1 1
github.com/binpqh/simple-cli/internal/tokenstore/tokenstore.go:35.3,35.18 1 0
github.com/binpqh/simple-cli/internal/tokenstore/tokenstore.go:37.2,38.49 2 1
github.com/binpqh/simple-cli/internal/tokenstore/tokenstore.go:38.49,42.3 2 1
github.com/binpqh/simple-cli/internal/tokenstore/tokenstore.go:43.2,43.24 1 1
github.com/binpqh/simple-cli/internal/tokenstore/tokenstore.go:43.24,45.3 1 0
github.com/binpqh/simple-cli/internal/tokenstore/tokenstore.go:46.2,46.16 1 1
github.com/binpqh/simple-cli/internal/tokenstore/tokenstore.go:50.53,52.48 2 1
github.com/binpqh/simple-cli/internal/tokenstore/tokenstore.go:52.48,54.3 1 0
github.com/binpqh/simple-cli/internal/tokenstore/tokenstore.go:55.2,56.16 2 1
github.com/binpqh/simple-cli/internal/tokenstore/tokenstore.go:56.16,58.3 1 0
github.com/binpqh/simple-cli/internal/tokenstore/tokenstore.go:60.2,61.68 2 1
github.com/binpqh/simple-cli/internal/tokenstore/tokenstore.go:61.68,63.3 1 0
github.com/binpqh/simple-cli/internal/tokenstore/tokenstore.go:64.2,64.31 1 1
github.com/binpqh/simple-cli/internal/tokenstore/tokenstore.go:67.100,69.16 2 1
github.com/binpqh/simple-cli/internal/tokenstore/tokenstore.go:69.16,71.3 1 0
github.com/binpqh/simple-cli/internal/tokenstore/tokenstore.go:72.2,73.21 2 1
github.com/binpqh/simple-cli/internal/tokenstore/tokenstore.go:73.21,75.3 1 1
github.com/binpqh/simple-cli/internal/tokenstore/tokenstore.go:76.2,76.15 1 1
github.com/binpqh/simple-cli/internal/tokenstore/tokenstore.go:79.100,81.16 2 1
github.com/binpqh/simple-cli/internal/tokenstore/tokenstore.go:81.16,83.3 1 0
github.com/binpqh/simple-cli/internal/tokenstore/tokenstore.go:84.2,85.19 2 1
github.com/binpqh/simple-cli/internal/tokenstore/tokenstore.go:88.81,90.16 2 1
github.com/binpqh/simple-cli/internal/tokenstore/tokenstore.go:90.16,92.3 1 0
github.com/binpqh/simple-cli/internal/tokenstore/tokenstore.go:93.2,94.19 2 1
github.com/binpqh/simple-cli/internal/tokenstore/tokenstore.go:98.48,100.2 1 1
